<?xml version="1.0" encoding="UTF-8"?>
<testsuite name="test_register_project_tests.MyTestCase-20260424210211" tests="65" file="test_register_project_tests.py" time="0.142" timestamp="2026-04-24T21:02:12" failures="0" errors="0" skipped="0">
	<testcase classname="test_register_project_tests.MyTestCase" name="test_tc_sa_01_valid_baseline" time="0.028" timestamp="2026-04-24T21:02:11"/>
	<testcase classname="test_register_project_tests.MyTestCase" name="test_tc_sa_02_json_empty" time="0.001" timestamp="2026-04-24T21:02:11"/>
	<testcase classname="test_register_project_tests.MyTestCase" name="test_tc_sa_03_json_duplicated" time="0.004" timestamp="2026-04-24T21:02:11"/>
	<testcase classname="test_register_project_tests.MyTestCase" name="test_tc_sa_04_json_not_json" time="0.001" timestamp="2026-04-24T21:02:11"/>
	<testcase classname="test_register_project_tests.MyTestCase" name="test_tc_sa_05_open_brace_deleted" time="0.001" timestamp="2026-04-24T21:02:11"/>
	<testcase classname="test_register_project_tests.MyTestCase" name="test_tc_sa_06_open_brace_duplicated" time="0.002" timestamp="2026-04-24T21:02:11"/>
	<testcase classname="test_register_project_tests.MyTestCase" name="test_tc_sa_07_open_brace_modified" time="0.001" timestamp="2026-04-24T21:02:11"/>
	<testcase classname="test_register_project_tests.MyTestCase" name="test_tc_sa_08_close_brace_deleted" time="0.002" timestamp="2026-04-24T21:02:11"/>
	<testcase classname="test_register_project_tests.MyTestCase" name="test_tc_sa_09_close_brace_duplicated" time="0.001" timestamp="2026-04-24T21:02:11"/>
	<testcase classname="test_register_project_tests.MyTestCase" name="test_tc_sa_10_close_brace_modified" time="0.001" timestamp="2026-04-24T21:02:11"/>
	<testcase classname="test_register_project_tests.MyTestCase" name="test_tc_sa_11_data_deleted" time="0.001" timestamp="2026-04-24T21:02:11"/>
	<testcase classname="test_register_project_tests.MyTestCase" name="test_tc_sa_12_data_duplicated" time="0.006" timestamp="2026-04-24T21:02:11"/>
	<testcase classname="test_register_project_tests.MyTestCase" name="test_tc_sa_13_field1_deleted" time="0.002" timestamp="2026-04-24T21:02:11"/>
	<testcase classname="test_register_project_tests.MyTestCase" name="test_tc_sa_14_field1_duplicated" time="0.003" timestamp="2026-04-24T21:02:11"/>
	<testcase classname="test_register_project_tests.MyTestCase" name="test_tc_sa_15_separator_deleted" time="0.001" timestamp="2026-04-24T21:02:11"/>
	<testcase classname="test_register_project_tests.MyTestCase" name="test_tc_sa_16_separator_duplicated" time="0.001" timestamp="2026-04-24T21:02:11"/>
	<testcase classname="test_register_project_tests.MyTestCase" name="test_tc_sa_17_separator_modified" time="0.001" timestamp="2026-04-24T21:02:12"/>
	<testcase classname="test_register_project_tests.MyTestCase" name="test_tc_sa_18_field2_deleted" time="0.001" timestamp="2026-04-24T21:02:12"/>
	<testcase classname="test_register_project_tests.MyTestCase" name="test_tc_sa_19_field2_duplicated" time="0.001" timestamp="2026-04-24T21:02:12"/>
	<testcase classname="test_register_project_tests.MyTestCase" name="test_tc_sa_20_label_pid_deleted" time="0.002" timestamp="2026-04-24T21:02:12"/>
	<testcase classname="test_register_project_tests.MyTestCase" name="test_tc_sa_21_label_pid_duplicated" time="0.001" timestamp="2026-04-24T21:02:12"/>
	<testcase classname="test_register_project_tests.MyTestCase" name="test_tc_sa_22_label_pid_modified" time="0.001" timestamp="2026-04-24T21:02:12"/>
	<testcase classname="test_register_project_tests.MyTestCase" name="test_tc_sa_23_colon_pid_deleted" time="0.001" timestamp="2026-04-24T21:02:12"/>
	<testcase classname="test_register_project_tests.MyTestCase" name="test_tc_sa_24_colon_pid_duplicated" time="0.001" timestamp="2026-04-24T21:02:12"/>
	<testcase classname="test_register_project_tests.MyTestCase" name="test_tc_sa_25_colon_pid_modified" time="0.001" timestamp="2026-04-24T21:02:12"/>
	<testcase classname="test_register_project_tests.MyTestCase" name="test_tc_sa_26_value_pid_deleted" time="0.001" timestamp="2026-04-24T21:02:12"/>
	<testcase classname="test_register_project_tests.MyTestCase" name="test_tc_sa_27_value_pid_duplicated" time="0.001" timestamp="2026-04-24T21:02:12"/>
	<testcase classname="test_register_project_tests.MyTestCase" name="test_tc_sa_28_label_fn_deleted" time="0.001" timestamp="2026-04-24T21:02:12"/>
	<testcase classname="test_register_project_tests.MyTestCase" name="test_tc_sa_29_label_fn_duplicated" time="0.001" timestamp="2026-04-24T21:02:12"/>
	<testcase classname="test_register_project_tests.MyTestCase" name="test_tc_sa_30_label_fn_modified" time="0.001" timestamp="2026-04-24T21:02:12"/>
	<testcase classname="test_register_project_tests.MyTestCase" name="test_tc_sa_31_colon_fn_deleted" time="0.002" timestamp="2026-04-24T21:02:12"/>
	<testcase classname="test_register_project_tests.MyTestCase" name="test_tc_sa_32_colon_fn_duplicated" time="0.001" timestamp="2026-04-24T21:02:12"/>
	<testcase classname="test_register_project_tests.MyTestCase" name="test_tc_sa_33_colon_fn_modified" time="0.001" timestamp="2026-04-24T21:02:12"/>
	<testcase classname="test_register_project_tests.MyTestCase" name="test_tc_sa_34_value_fn_deleted" time="0.002" timestamp="2026-04-24T21:02:12"/>
	<testcase classname="test_register_project_tests.MyTestCase" name="test_tc_sa_35_value_fn_duplicated" time="0.001" timestamp="2026-04-24T21:02:12"/>
	<testcase classname="test_register_project_tests.MyTestCase" name="test_tc_sa_36_string_token_deleted" time="0.001" timestamp="2026-04-24T21:02:12"/>
	<testcase classname="test_register_project_tests.MyTestCase" name="test_tc_sa_37_string_token_modified" time="0.001" timestamp="2026-04-24T21:02:12"/>
	<testcase classname="test_register_project_tests.MyTestCase" name="test_tc_sa_38_hex_0_chars" time="0.002" timestamp="2026-04-24T21:02:12"/>
	<testcase classname="test_register_project_tests.MyTestCase" name="test_tc_sa_39_hex_1_char" time="0.001" timestamp="2026-04-24T21:02:12"/>
	<testcase classname="test_register_project_tests.MyTestCase" name="test_tc_sa_40_hex_31_chars" time="0.002" timestamp="2026-04-24T21:02:12"/>
	<testcase classname="test_register_project_tests.MyTestCase" name="test_tc_sa_41_hex_32_chars" time="0.006" timestamp="2026-04-24T21:02:12"/>
	<testcase classname="test_register_project_tests.MyTestCase" name="test_tc_sa_42_hex_33_chars" time="0.001" timestamp="2026-04-24T21:02:12"/>
	<testcase classname="test_register_project_tests.MyTestCase" name="test_tc_sa_43_hex_nonhex_char" time="0.001" timestamp="2026-04-24T21:02:12"/>
	<testcase classname="test_register_project_tests.MyTestCase" name="test_tc_sa_44_hex_symbol_char" time="0.001" timestamp="2026-04-24T21:02:12"/>
	<testcase classname="test_register_project_tests.MyTestCase" name="test_tc_sa_45_fn_token_deleted" time="0.001" timestamp="2026-04-24T21:02:12"/>
	<testcase classname="test_register_project_tests.MyTestCase" name="test_tc_sa_46_fn_token_modified" time="0.001" timestamp="2026-04-24T21:02:12"/>
	<testcase classname="test_register_project_tests.MyTestCase" name="test_tc_sa_47_fn_value_deleted" time="0.001" timestamp="2026-04-24T21:02:12"/>
	<testcase classname="test_register_project_tests.MyTestCase" name="test_tc_sa_48_fn_value_duplicated" time="0.001" timestamp="2026-04-24T21:02:12"/>
	<testcase classname="test_register_project_tests.MyTestCase" name="test_tc_sa_49_name_deleted" time="0.001" timestamp="2026-04-24T21:02:12"/>
	<testcase classname="test_register_project_tests.MyTestCase" name="test_tc_sa_50_name_duplicated" time="0.001" timestamp="2026-04-24T21:02:12"/>
	<testcase classname="test_register_project_tests.MyTestCase" name="test_tc_sa_51_ext_deleted" time="0.001" timestamp="2026-04-24T21:02:12"/>
	<testcase classname="test_register_project_tests.MyTestCase" name="test_tc_sa_52_ext_duplicated" time="0.001" timestamp="2026-04-24T21:02:12"/>
	<testcase classname="test_register_project_tests.MyTestCase" name="test_tc_sa_53_ext_invalid" time="0.001" timestamp="2026-04-24T21:02:12"/>
	<testcase classname="test_register_project_tests.MyTestCase" name="test_tc_sa_54_alphanum_0_chars" time="0.002" timestamp="2026-04-24T21:02:12"/>
	<testcase classname="test_register_project_tests.MyTestCase" name="test_tc_sa_55_alphanum_1_char" time="0.006" timestamp="2026-04-24T21:02:12"/>
	<testcase classname="test_register_project_tests.MyTestCase" name="test_tc_sa_56_alphanum_7_chars" time="0.001" timestamp="2026-04-24T21:02:12"/>
	<testcase classname="test_register_project_tests.MyTestCase" name="test_tc_sa_57_alphanum_8_chars" time="0.008" timestamp="2026-04-24T21:02:12"/>
	<testcase classname="test_register_project_tests.MyTestCase" name="test_tc_sa_58_alphanum_9_chars" time="0.002" timestamp="2026-04-24T21:02:12"/>
	<testcase classname="test_register_project_tests.MyTestCase" name="test_tc_sa_59_alphanum_symbol" time="0.001" timestamp="2026-04-24T21:02:12"/>
	<testcase classname="test_register_project_tests.MyTestCase" name="test_tc_sa_60_alphanum_space" time="0.001" timestamp="2026-04-24T21:02:12"/>
	<testcase classname="test_register_project_tests.MyTestCase" name="test_tc_sa_61_ext_pdf" time="0.006" timestamp="2026-04-24T21:02:12"/>
	<testcase classname="test_register_project_tests.MyTestCase" name="test_tc_sa_62_ext_docx" time="0.005" timestamp="2026-04-24T21:02:12"/>
	<testcase classname="test_register_project_tests.MyTestCase" name="test_tc_sa_63_ext_xlsx" time="0.004" timestamp="2026-04-24T21:02:12"/>
	<testcase classname="test_register_project_tests.MyTestCase" name="test_tc_sa_64_ext_uppercase" time="0.001" timestamp="2026-04-24T21:02:12"/>
	<testcase classname="test_register_project_tests.MyTestCase" name="test_tc_sa_65_ext_csv" time="0.001" timestamp="2026-04-24T21:02:12"/>
</testsuite>
